<?xml version="1.0" encoding="UTF-8"?>
<!-- Generated by org.testng.reporters.JUnitReportReporter -->
<testsuite hostname="DESKTOP-I3U27R6" failures="0" tests="3" name="TestNGkeyword.TimeOutuse" time="0.258" errors="0" timestamp="2022-06-23T22:51:55 IST" skipped="0">
  <testcase classname="TestNGkeyword.TimeOutuse" name="d" time="0.231"/>
  <system-out>
    <![CDATA[d is running]]>
  </system-out>
  <testcase classname="TestNGkeyword.TimeOutuse" name="v" time="0.004"/>
  <system-out>
    <![CDATA[v is running]]>
  </system-out>
  <testcase classname="TestNGkeyword.TimeOutuse" name="a" time="0.023"/>
  <system-out>
    <![CDATA[a is running]]>
  </system-out>
</testsuite> <!-- TestNGkeyword.TimeOutuse -->
