<?xml version="1.0" encoding="UTF-8"?>
<!-- Generated by org.testng.reporters.JUnitReportReporter -->
<testsuite hostname="DESKTOP-I3U27R6" failures="0" tests="1" name="CrossBrowserUse.FirefoxUse" time="17.962" errors="0" timestamp="2022-06-29T21:33:26 IST" skipped="0">
  <testcase classname="CrossBrowserUse.FirefoxUse" name="Test1" time="17.962"/>
  <system-out/>
</testsuite> <!-- CrossBrowserUse.FirefoxUse -->
