<?xml version="1.0" encoding="UTF-8"?>
<!-- Generated by org.testng.reporters.JUnitReportReporter -->
<testsuite hostname="DESKTOP-I3U27R6" failures="0" tests="3" name="TestNGkeyword.invocationCount" time="0.037" errors="0" timestamp="2022-06-23T21:56:03 IST" skipped="0">
  <testcase classname="TestNGkeyword.invocationCount" name="Boy" time="0.017"/>
  <system-out>
    <![CDATA[Hey hiee]]>
  </system-out>
  <testcase classname="TestNGkeyword.invocationCount" name="Boy" time="0.005"/>
  <system-out>
    <![CDATA[Hey hiee]]>
  </system-out>
  <testcase classname="TestNGkeyword.invocationCount" name="Boy" time="0.015"/>
  <system-out>
    <![CDATA[Hey hiee]]>
  </system-out>
</testsuite> <!-- TestNGkeyword.invocationCount -->
