<?xml version="1.0" encoding="UTF-8"?>
<!-- Generated by org.testng.reporters.JUnitReportReporter -->
<testsuite hostname="DESKTOP-I3U27R6" failures="0" tests="1" name="TestNGStudy.AnnotationsStudy1" time="0.024" errors="0" timestamp="2022-06-25T16:38:41 IST" skipped="0">
  <testcase classname="TestNGStudy.AnnotationsStudy1" name="clickonpayment" time="0.024"/>
  <system-out>
    <![CDATA[train tickit payment is succesfull]]>
  </system-out>
</testsuite> <!-- TestNGStudy.AnnotationsStudy1 -->
