<?xml version="1.0" encoding="UTF-8"?>
<!-- Generated by org.testng.reporters.JUnitReportReporter -->
<testsuite hostname="DESKTOP-I3U27R6" failures="0" tests="3" name="TestNGkeyword.EnabledUse" time="0.033" errors="0" timestamp="2022-06-23T22:31:43 IST" skipped="1">
  <testcase classname="TestNGkeyword.EnabledUse" name="d" time="0.023"/>
  <system-out>
    <![CDATA[d is running]]>
  </system-out>
  <testcase classname="TestNGkeyword.EnabledUse" name="v" time="0.010"/>
  <system-out>
    <![CDATA[v is running]]>
  </system-out>
  <testcase classname="TestNGkeyword.EnabledUse" name="a">
    <skipped/>
  </testcase> <!-- a -->
  <system-out/>
</testsuite> <!-- TestNGkeyword.EnabledUse -->
