<?xml version="1.0" encoding="UTF-8"?>
<!-- Generated by org.testng.reporters.JUnitReportReporter -->
<testsuite hostname="DESKTOP-I3U27R6" failures="0" tests="1" name="TestNG.MyTestClass" time="12.951" errors="0" timestamp="2022-06-21T16:40:15 IST" skipped="0">
  <testcase classname="TestNG.MyTestClass" name="Mymethod" time="12.951"/>
  <system-out/>
</testsuite> <!-- TestNG.MyTestClass -->
