<?xml version="1.0" encoding="UTF-8"?>
<!-- Generated by org.testng.reporters.JUnitReportReporter -->
<testsuite hostname="DESKTOP-I3U27R6" failures="0" tests="1" name="ParallelAndSerialUse.MyClass1" time="11.401" errors="0" timestamp="2022-06-26T11:47:59 IST" skipped="0">
  <testcase classname="ParallelAndSerialUse.MyClass1" name="Mymethod1" time="11.401"/>
  <system-out/>
</testsuite> <!-- ParallelAndSerialUse.MyClass1 -->
