<?xml version="1.0" encoding="UTF-8"?>
<!-- Generated by org.testng.reporters.JUnitReportReporter -->
<testsuite hostname="DESKTOP-I3U27R6" failures="0" tests="1" name="ParallelAndSerialUse.MyClass2" time="14.330" errors="0" timestamp="2022-06-26T11:17:01 IST" skipped="0">
  <testcase classname="ParallelAndSerialUse.MyClass2" name="Mymethod2" time="14.330"/>
  <system-out/>
</testsuite> <!-- ParallelAndSerialUse.MyClass2 -->
