<?xml version="1.0" encoding="UTF-8"?>
<!-- Generated by org.testng.reporters.JUnitReportReporter -->
<testsuite hostname="DESKTOP-I3U27R6" failures="0" tests="3" name="TestNGkeyword.Priorityuse" time="0.036" errors="0" timestamp="2022-06-23T22:19:12 IST" skipped="0">
  <testcase classname="TestNGkeyword.Priorityuse" name="d" time="0.019"/>
  <system-out>
    <![CDATA[d is running]]>
  </system-out>
  <testcase classname="TestNGkeyword.Priorityuse" name="v" time="0.015"/>
  <system-out>
    <![CDATA[v is running]]>
  </system-out>
  <testcase classname="TestNGkeyword.Priorityuse" name="a" time="0.002"/>
  <system-out>
    <![CDATA[a is running]]>
  </system-out>
</testsuite> <!-- TestNGkeyword.Priorityuse -->
