<?xml version="1.0" encoding="UTF-8"?>
<!-- Generated by org.testng.reporters.JUnitReportReporter -->
<testsuite hostname="DESKTOP-I3U27R6" failures="0" tests="2" name="TestNGStudy.AnnotationsStudy" time="0.007" errors="0" timestamp="2022-06-25T16:38:41 IST" skipped="0">
  <testcase classname="TestNGStudy.AnnotationsStudy" name="validateuserID" time="0.004"/>
  <system-out>
    <![CDATA[user is able to validate userID]]>
  </system-out>
  <testcase classname="TestNGStudy.AnnotationsStudy" name="validateuserPIN" time="0.003"/>
  <system-out>
    <![CDATA[user is able to validateuserPIN]]>
  </system-out>
</testsuite> <!-- TestNGStudy.AnnotationsStudy -->
