<?xml version="1.0" encoding="UTF-8"?>
<!-- Generated by org.testng.reporters.JUnitReportReporter -->
<testsuite hostname="DESKTOP-I3U27R6" failures="0" tests="1" name="IncludeExcludeUse.MyTestclass" time="0.016" errors="0" timestamp="2022-06-25T18:23:03 IST" skipped="0">
  <testcase classname="IncludeExcludeUse.MyTestclass" name="a" time="0.016"/>
  <system-out>
    <![CDATA[a is running]]>
  </system-out>
</testsuite> <!-- IncludeExcludeUse.MyTestclass -->
