<?xml version="1.0" encoding="UTF-8"?>
<!-- Generated by org.testng.reporters.JUnitReportReporter -->
<testsuite hostname="DESKTOP-I3U27R6" failures="0" tests="2" name="TestNGStudy.MyTestClass" time="29.641" errors="0" timestamp="2022-06-25T16:38:41 IST" skipped="0">
  <testcase classname="TestNGStudy.MyTestClass" name="Mymethod" time="18.205"/>
  <system-out>
    <![CDATA[Hi this method is ruuning output file true
Hi this method is ruuning output file]]>
  </system-out>
  <testcase classname="TestNGStudy.MyTestClass" name="Mymethod1" time="11.436"/>
  <system-out/>
</testsuite> <!-- TestNGStudy.MyTestClass -->
