<?xml version="1.0" encoding="UTF-8"?>
<!-- Generated by org.testng.reporters.JUnitReportReporter -->
<testsuite hostname="DESKTOP-I3U27R6" failures="0" tests="2" name="CrossBrowserUse.crossBrowserTesting" time="42.567" errors="0" timestamp="2022-06-29T22:25:57 IST" skipped="0">
  <testcase classname="CrossBrowserUse.crossBrowserTesting" name="test2" time="28.673"/>
  <system-out/>
  <testcase classname="CrossBrowserUse.crossBrowserTesting" name="test2" time="13.894"/>
  <system-out/>
</testsuite> <!-- CrossBrowserUse.crossBrowserTesting -->
