<?xml version="1.0" encoding="UTF-8"?>
<!-- Generated by org.testng.reporters.JUnitReportReporter -->
<testsuite hostname="DESKTOP-I3U27R6" failures="0" tests="1" name="KitePOMusingTestNG.ValidateKiteAppUsername" time="2.801" errors="0" timestamp="2022-07-01T14:51:28 IST" skipped="0">
  <testcase classname="KitePOMusingTestNG.ValidateKiteAppUsername" name="ValidateUsrName" time="2.801"/>
  <system-out>
    <![CDATA[Validate Username
actual and expected UN are matching TC is passed]]>
  </system-out>
</testsuite> <!-- KitePOMusingTestNG.ValidateKiteAppUsername -->
