<?xml version="1.0" encoding="UTF-8"?>
<!-- Generated by org.testng.reporters.JUnitReportReporter -->
<testsuite hostname="DESKTOP-I3U27R6" failures="0" tests="1" name="Assert.AsserNullAndNotNull" time="0.021" errors="0" timestamp="2022-06-28T19:26:36 IST" skipped="0">
  <testcase classname="Assert.AsserNullAndNotNull" name="Mymethod" time="0.021"/>
  <system-out>
    <![CDATA[value is not null TC is passed]]>
  </system-out>
</testsuite> <!-- Assert.AsserNullAndNotNull -->
