<?xml version="1.0" encoding="UTF-8"?>
<!-- Generated by org.testng.reporters.JUnitReportReporter -->
<testsuite hostname="DESKTOP-I3U27R6" failures="0" tests="1" name="KiteTestNG.ValidateKiteUserID" time="6.576" errors="0" timestamp="2022-07-02T22:46:37 IST" skipped="0">
  <testcase classname="KiteTestNG.ValidateKiteUserID" name="ValidateUserID" time="6.576"/>
  <system-out/>
</testsuite> <!-- KiteTestNG.ValidateKiteUserID -->
