<?xml version="1.0" encoding="UTF-8"?>
<!-- Generated by org.testng.reporters.JUnitReportReporter -->
<testsuite hostname="DESKTOP-I3U27R6" failures="0" tests="3" name="GroupingUse.MyClass2" time="0.019" errors="0" timestamp="2022-06-26T11:52:59 IST" skipped="0">
  <testcase classname="GroupingUse.MyClass2" name="p" time="0.003"/>
  <system-out>
    <![CDATA[p is running regression]]>
  </system-out>
  <testcase classname="GroupingUse.MyClass2" name="q" time="0.002"/>
  <system-out>
    <![CDATA[q is running sanity]]>
  </system-out>
  <testcase classname="GroupingUse.MyClass2" name="r" time="0.014"/>
  <system-out>
    <![CDATA[r is running regression]]>
  </system-out>
</testsuite> <!-- GroupingUse.MyClass2 -->
