<?xml version="1.0" encoding="UTF-8"?>
<!-- Generated by org.testng.reporters.JUnitReportReporter -->
<testsuite hostname="DESKTOP-I3U27R6" failures="0" tests="2" name="IncludeExcludeUse.MyTestClass2" time="0.009" errors="0" timestamp="2022-06-25T18:23:03 IST" skipped="0">
  <testcase classname="IncludeExcludeUse.MyTestClass2" name="y" time="0.007"/>
  <system-out>
    <![CDATA[y is running]]>
  </system-out>
  <testcase classname="IncludeExcludeUse.MyTestClass2" name="z" time="0.002"/>
  <system-out>
    <![CDATA[z is running]]>
  </system-out>
</testsuite> <!-- IncludeExcludeUse.MyTestClass2 -->
